Determining if the pthread_create exist failed with the following output:
Change Dir: /home/roboy/workspace/myoarm_small_FPGA/build/CMakeFiles/CMakeTmp

Run Build Command:"/home/roboy/intelFPGA/17.0/embedded/ds-5/bin/make" "cmTC_c4b41/fast"
/home/roboy/intelFPGA/17.0/embedded/ds-5/bin/make -f CMakeFiles/cmTC_c4b41.dir/build.make CMakeFiles/cmTC_c4b41.dir/build
make[1]: Entering directory '/home/roboy/workspace/myoarm_small_FPGA/build/CMakeFiles/CMakeTmp'
Building C object CMakeFiles/cmTC_c4b41.dir/CheckSymbolExists.c.o
/usr/bin/cc     -o CMakeFiles/cmTC_c4b41.dir/CheckSymbolExists.c.o   -c /home/roboy/workspace/myoarm_small_FPGA/build/CMakeFiles/CMakeTmp/CheckSymbolExists.c
Linking C executable cmTC_c4b41
/usr/bin/cmake -E cmake_link_script CMakeFiles/cmTC_c4b41.dir/link.txt --verbose=1
/usr/bin/cc       CMakeFiles/cmTC_c4b41.dir/CheckSymbolExists.c.o  -o cmTC_c4b41 -rdynamic 
CMakeFiles/cmTC_c4b41.dir/CheckSymbolExists.c.o: In function `main':
CheckSymbolExists.c:(.text+0x16): undefined reference to `pthread_create'
collect2: error: ld returned 1 exit status
CMakeFiles/cmTC_c4b41.dir/build.make:97: recipe for target 'cmTC_c4b41' failed
make[1]: *** [cmTC_c4b41] Error 1
make[1]: Leaving directory '/home/roboy/workspace/myoarm_small_FPGA/build/CMakeFiles/CMakeTmp'
Makefile:126: recipe for target 'cmTC_c4b41/fast' failed
make: *** [cmTC_c4b41/fast] Error 2

File /home/roboy/workspace/myoarm_small_FPGA/build/CMakeFiles/CMakeTmp/CheckSymbolExists.c:
/* */
#include <pthread.h>

int main(int argc, char** argv)
{
  (void)argv;
#ifndef pthread_create
  return ((int*)(&pthread_create))[argc];
#else
  (void)argc;
  return 0;
#endif
}

Determining if the function pthread_create exists in the pthreads failed with the following output:
Change Dir: /home/roboy/workspace/myoarm_small_FPGA/build/CMakeFiles/CMakeTmp

Run Build Command:"/home/roboy/intelFPGA/17.0/embedded/ds-5/bin/make" "cmTC_50ccf/fast"
/home/roboy/intelFPGA/17.0/embedded/ds-5/bin/make -f CMakeFiles/cmTC_50ccf.dir/build.make CMakeFiles/cmTC_50ccf.dir/build
make[1]: Entering directory '/home/roboy/workspace/myoarm_small_FPGA/build/CMakeFiles/CMakeTmp'
Building C object CMakeFiles/cmTC_50ccf.dir/CheckFunctionExists.c.o
/usr/bin/cc    -DCHECK_FUNCTION_EXISTS=pthread_create   -o CMakeFiles/cmTC_50ccf.dir/CheckFunctionExists.c.o   -c /usr/share/cmake-3.5/Modules/CheckFunctionExists.c
Linking C executable cmTC_50ccf
/usr/bin/cmake -E cmake_link_script CMakeFiles/cmTC_50ccf.dir/link.txt --verbose=1
/usr/bin/cc   -DCHECK_FUNCTION_EXISTS=pthread_create    CMakeFiles/cmTC_50ccf.dir/CheckFunctionExists.c.o  -o cmTC_50ccf -rdynamic -lpthreads 
/usr/bin/ld: cannot find -lpthreads
collect2: error: ld returned 1 exit status
CMakeFiles/cmTC_50ccf.dir/build.make:97: recipe for target 'cmTC_50ccf' failed
make[1]: *** [cmTC_50ccf] Error 1
make[1]: Leaving directory '/home/roboy/workspace/myoarm_small_FPGA/build/CMakeFiles/CMakeTmp'
Makefile:126: recipe for target 'cmTC_50ccf/fast' failed
make: *** [cmTC_50ccf/fast] Error 2


Determining if the Q_WS_WIN exist failed with the following output:
Change Dir: /home/roboy/workspace/myoarm_small_FPGA/build/CMakeFiles/CMakeTmp

Run Build Command:"/home/roboy/intelFPGA/17.0/embedded/ds-5/bin/make" "cmTC_ede1d/fast"
/home/roboy/intelFPGA/17.0/embedded/ds-5/bin/make -f CMakeFiles/cmTC_ede1d.dir/build.make CMakeFiles/cmTC_ede1d.dir/build
make[1]: Entering directory '/home/roboy/workspace/myoarm_small_FPGA/build/CMakeFiles/CMakeTmp'
Building CXX object CMakeFiles/cmTC_ede1d.dir/CheckSymbolExists.cxx.o
/usr/bin/c++    -I/usr/include/qt4  -std=c++11 -O0 -g    -o CMakeFiles/cmTC_ede1d.dir/CheckSymbolExists.cxx.o -c /home/roboy/workspace/myoarm_small_FPGA/build/CMakeFiles/CMakeTmp/CheckSymbolExists.cxx
/home/roboy/workspace/myoarm_small_FPGA/build/CMakeFiles/CMakeTmp/CheckSymbolExists.cxx: In function ‘int main(int, char**)’:
/home/roboy/workspace/myoarm_small_FPGA/build/CMakeFiles/CMakeTmp/CheckSymbolExists.cxx:8:19: error: ‘Q_WS_WIN’ was not declared in this scope
   return ((int*)(&Q_WS_WIN))[argc];
                   ^
CMakeFiles/cmTC_ede1d.dir/build.make:65: recipe for target 'CMakeFiles/cmTC_ede1d.dir/CheckSymbolExists.cxx.o' failed
make[1]: *** [CMakeFiles/cmTC_ede1d.dir/CheckSymbolExists.cxx.o] Error 1
make[1]: Leaving directory '/home/roboy/workspace/myoarm_small_FPGA/build/CMakeFiles/CMakeTmp'
Makefile:126: recipe for target 'cmTC_ede1d/fast' failed
make: *** [cmTC_ede1d/fast] Error 2

File /home/roboy/workspace/myoarm_small_FPGA/build/CMakeFiles/CMakeTmp/CheckSymbolExists.cxx:
/* */
#include <QtCore/qglobal.h>

int main(int argc, char** argv)
{
  (void)argv;
#ifndef Q_WS_WIN
  return ((int*)(&Q_WS_WIN))[argc];
#else
  (void)argc;
  return 0;
#endif
}

Determining if the Q_WS_QWS exist failed with the following output:
Change Dir: /home/roboy/workspace/myoarm_small_FPGA/build/CMakeFiles/CMakeTmp

Run Build Command:"/home/roboy/intelFPGA/17.0/embedded/ds-5/bin/make" "cmTC_87835/fast"
/home/roboy/intelFPGA/17.0/embedded/ds-5/bin/make -f CMakeFiles/cmTC_87835.dir/build.make CMakeFiles/cmTC_87835.dir/build
make[1]: Entering directory '/home/roboy/workspace/myoarm_small_FPGA/build/CMakeFiles/CMakeTmp'
Building CXX object CMakeFiles/cmTC_87835.dir/CheckSymbolExists.cxx.o
/usr/bin/c++    -I/usr/include/qt4  -std=c++11 -O0 -g    -o CMakeFiles/cmTC_87835.dir/CheckSymbolExists.cxx.o -c /home/roboy/workspace/myoarm_small_FPGA/build/CMakeFiles/CMakeTmp/CheckSymbolExists.cxx
/home/roboy/workspace/myoarm_small_FPGA/build/CMakeFiles/CMakeTmp/CheckSymbolExists.cxx: In function ‘int main(int, char**)’:
/home/roboy/workspace/myoarm_small_FPGA/build/CMakeFiles/CMakeTmp/CheckSymbolExists.cxx:8:19: error: ‘Q_WS_QWS’ was not declared in this scope
   return ((int*)(&Q_WS_QWS))[argc];
                   ^
CMakeFiles/cmTC_87835.dir/build.make:65: recipe for target 'CMakeFiles/cmTC_87835.dir/CheckSymbolExists.cxx.o' failed
make[1]: *** [CMakeFiles/cmTC_87835.dir/CheckSymbolExists.cxx.o] Error 1
make[1]: Leaving directory '/home/roboy/workspace/myoarm_small_FPGA/build/CMakeFiles/CMakeTmp'
Makefile:126: recipe for target 'cmTC_87835/fast' failed
make: *** [cmTC_87835/fast] Error 2

File /home/roboy/workspace/myoarm_small_FPGA/build/CMakeFiles/CMakeTmp/CheckSymbolExists.cxx:
/* */
#include <QtCore/qglobal.h>

int main(int argc, char** argv)
{
  (void)argv;
#ifndef Q_WS_QWS
  return ((int*)(&Q_WS_QWS))[argc];
#else
  (void)argc;
  return 0;
#endif
}

Determining if the Q_WS_MAC exist failed with the following output:
Change Dir: /home/roboy/workspace/myoarm_small_FPGA/build/CMakeFiles/CMakeTmp

Run Build Command:"/home/roboy/intelFPGA/17.0/embedded/ds-5/bin/make" "cmTC_ca22e/fast"
/home/roboy/intelFPGA/17.0/embedded/ds-5/bin/make -f CMakeFiles/cmTC_ca22e.dir/build.make CMakeFiles/cmTC_ca22e.dir/build
make[1]: Entering directory '/home/roboy/workspace/myoarm_small_FPGA/build/CMakeFiles/CMakeTmp'
Building CXX object CMakeFiles/cmTC_ca22e.dir/CheckSymbolExists.cxx.o
/usr/bin/c++    -I/usr/include/qt4  -std=c++11 -O0 -g    -o CMakeFiles/cmTC_ca22e.dir/CheckSymbolExists.cxx.o -c /home/roboy/workspace/myoarm_small_FPGA/build/CMakeFiles/CMakeTmp/CheckSymbolExists.cxx
/home/roboy/workspace/myoarm_small_FPGA/build/CMakeFiles/CMakeTmp/CheckSymbolExists.cxx: In function ‘int main(int, char**)’:
/home/roboy/workspace/myoarm_small_FPGA/build/CMakeFiles/CMakeTmp/CheckSymbolExists.cxx:8:19: error: ‘Q_WS_MAC’ was not declared in this scope
   return ((int*)(&Q_WS_MAC))[argc];
                   ^
CMakeFiles/cmTC_ca22e.dir/build.make:65: recipe for target 'CMakeFiles/cmTC_ca22e.dir/CheckSymbolExists.cxx.o' failed
make[1]: *** [CMakeFiles/cmTC_ca22e.dir/CheckSymbolExists.cxx.o] Error 1
make[1]: Leaving directory '/home/roboy/workspace/myoarm_small_FPGA/build/CMakeFiles/CMakeTmp'
Makefile:126: recipe for target 'cmTC_ca22e/fast' failed
make: *** [cmTC_ca22e/fast] Error 2

File /home/roboy/workspace/myoarm_small_FPGA/build/CMakeFiles/CMakeTmp/CheckSymbolExists.cxx:
/* */
#include <QtCore/qglobal.h>

int main(int argc, char** argv)
{
  (void)argv;
#ifndef Q_WS_MAC
  return ((int*)(&Q_WS_MAC))[argc];
#else
  (void)argc;
  return 0;
#endif
}

